# JRE version: OpenJDK Runtime Environment Corretto-17.0.3.6.1 (17.0.3+6) (build 17.0.3+6-LTS)
# Java VM: OpenJDK 64-Bit Server VM Corretto-17.0.3.6.1 (17.0.3+6-LTS, mixed mode, sharing, tiered, compressed oops, compressed class ptrs, g1 gc, windows-amd64)
GC Precious Log:
 CPUs: 16 total, 16 available
 Memory: 15734M
 Large Page Support: Disabled
 NUMA Support: Disabled
 Compressed Oops: Enabled (Zero based)
 Heap Region Size: 2M
 Heap Min Capacity: 8M
 Heap Initial Capacity: 246M
 Heap Max Capacity: 3934M
 Pre-touch: Disabled
 Parallel Workers: 13
 Concurrent Workers: 3
 Concurrent Refinement Workers: 13
 Periodic GC: Disabled
Heap:
 garbage-first heap   total 303104K, used 1486K [0x000000070a200000, 0x0000000800000000)
  region size 2048K, 1 young (2048K), 1 survivors (2048K)
 Metaspace       used 964K, committed 1152K, reserved 1056768K
  class space    used 75K, committed 192K, reserved 1048576K
GC Heap History (20 events):
Event: 1.059 GC heap after
{Heap after GC invocations=7 (full 0):
 garbage-first heap   total 251904K, used 965K [0x000000070a200000, 0x0000000800000000)
  region size 2048K, 1 young (2048K), 1 survivors (2048K)
 Metaspace       used 728K, committed 896K, reserved 1056768K
  class space    used 59K, committed 128K, reserved 1048576K
}
Event: 1.210 GC heap before
{Heap before GC invocations=7 (full 0):
 garbage-first heap   total 251904K, used 148421K [0x000000070a200000, 0x0000000800000000)
  region size 2048K, 73 young (149504K), 1 survivors (2048K)
 Metaspace       used 964K, committed 1152K, reserved 1056768K
  class space    used 75K, committed 192K, reserved 1048576K
}
Event: 1.212 GC heap after
{Heap after GC invocations=8 (full 0):
 garbage-first heap   total 251904K, used 1524K [0x000000070a200000, 0x0000000800000000)
  region size 2048K, 1 young (2048K), 1 survivors (2048K)
 Metaspace       used 964K, committed 1152K, reserved 1056768K
  class space    used 75K, committed 192K, reserved 1048576K
}
Event: 1.361 GC heap before
{Heap before GC invocations=8 (full 0):
 garbage-first heap   total 251904K, used 148980K [0x000000070a200000, 0x0000000800000000)
  region size 2048K, 73 young (149504K), 1 survivors (2048K)
 Metaspace       used 964K, committed 1152K, reserved 1056768K
  class space    used 75K, committed 192K, reserved 1048576K
}
Event: 1.363 GC heap after
{Heap after GC invocations=9 (full 0):
 garbage-first heap   total 251904K, used 1499K [0x000000070a200000, 0x0000000800000000)
  region size 2048K, 1 young (2048K), 1 survivors (2048K)
 Metaspace       used 964K, committed 1152K, reserved 1056768K
  class space    used 75K, committed 192K, reserved 1048576K
}
Event: 1.506 GC heap before
{Heap before GC invocations=9 (full 0):
 garbage-first heap   total 251904K, used 148955K [0x000000070a200000, 0x0000000800000000)
  region size 2048K, 73 young (149504K), 1 survivors (2048K)
 Metaspace       used 964K, committed 1152K, reserved 1056768K
  class space    used 75K, committed 192K, reserved 1048576K
}
Event: 1.509 GC heap after
{Heap after GC invocations=10 (full 0):
 garbage-first heap   total 303104K, used 1521K [0x000000070a200000, 0x0000000800000000)
  region size 2048K, 1 young (2048K), 1 survivors (2048K)
 Metaspace       used 964K, committed 1152K, reserved 1056768K
  class space    used 75K, committed 192K, reserved 1048576K
}
Event: 1.709 GC heap before
{Heap before GC invocations=10 (full 0):
 garbage-first heap   total 303104K, used 179697K [0x000000070a200000, 0x0000000800000000)
  region size 2048K, 88 young (180224K), 1 survivors (2048K)
 Metaspace       used 964K, committed 1152K, reserved 1056768K
  class space    used 75K, committed 192K, reserved 1048576K
}
Event: 1.711 GC heap after
{Heap after GC invocations=11 (full 0):
 garbage-first heap   total 303104K, used 1523K [0x000000070a200000, 0x0000000800000000)
  region size 2048K, 1 young (2048K), 1 survivors (2048K)
 Metaspace       used 964K, committed 1152K, reserved 1056768K
  class space    used 75K, committed 192K, reserved 1048576K
}
Event: 1.892 GC heap before
{Heap before GC invocations=11 (full 0):
 garbage-first heap   total 303104K, used 179699K [0x000000070a200000, 0x0000000800000000)
  region size 2048K, 88 young (180224K), 1 survivors (2048K)
 Metaspace       used 964K, committed 1152K, reserved 1056768K
  class space    used 75K, committed 192K, reserved 1048576K
}
Event: 1.894 GC heap after
{Heap after GC invocations=12 (full 0):
 garbage-first heap   total 303104K, used 1492K [0x000000070a200000, 0x0000000800000000)
  region size 2048K, 1 young (2048K), 1 survivors (2048K)
 Metaspace       used 964K, committed 1152K, reserved 1056768K
  class space    used 75K, committed 192K, reserved 1048576K
}
Event: 2.065 GC heap before
{Heap before GC invocations=12 (full 0):
 garbage-first heap   total 303104K, used 179668K [0x000000070a200000, 0x0000000800000000)
  region size 2048K, 88 young (180224K), 1 survivors (2048K)
 Metaspace       used 964K, committed 1152K, reserved 1056768K
  class space    used 75K, committed 192K, reserved 1048576K
}
Event: 2.066 GC heap after
{Heap after GC invocations=13 (full 0):
 garbage-first heap   total 303104K, used 1505K [0x000000070a200000, 0x0000000800000000)
  region size 2048K, 1 young (2048K), 1 survivors (2048K)
 Metaspace       used 964K, committed 1152K, reserved 1056768K
  class space    used 75K, committed 192K, reserved 1048576K
}
Event: 2.236 GC heap before
{Heap before GC invocations=13 (full 0):
 garbage-first heap   total 303104K, used 179681K [0x000000070a200000, 0x0000000800000000)
  region size 2048K, 88 young (180224K), 1 survivors (2048K)
 Metaspace       used 964K, committed 1152K, reserved 1056768K
  class space    used 75K, committed 192K, reserved 1048576K
}
Event: 2.238 GC heap after
{Heap after GC invocations=14 (full 0):
 garbage-first heap   total 303104K, used 1524K [0x000000070a200000, 0x0000000800000000)
  region size 2048K, 1 young (2048K), 1 survivors (2048K)
 Metaspace       used 964K, committed 1152K, reserved 1056768K
  class space    used 75K, committed 192K, reserved 1048576K
}
Event: 2.409 GC heap before
{Heap before GC invocations=14 (full 0):
 garbage-first heap   total 303104K, used 179700K [0x000000070a200000, 0x0000000800000000)
  region size 2048K, 88 young (180224K), 1 survivors (2048K)
 Metaspace       used 964K, committed 1152K, reserved 1056768K
  class space    used 75K, committed 192K, reserved 1048576K
}
Event: 2.411 GC heap after
{Heap after GC invocations=15 (full 0):
 garbage-first heap   total 303104K, used 1521K [0x000000070a200000, 0x0000000800000000)
  region size 2048K, 1 young (2048K), 1 survivors (2048K)
 Metaspace       used 964K, committed 1152K, reserved 1056768K
  class space    used 75K, committed 192K, reserved 1048576K
}
Event: 2.584 GC heap before
{Heap before GC invocations=15 (full 0):
 garbage-first heap   total 303104K, used 179697K [0x000000070a200000, 0x0000000800000000)
  region size 2048K, 88 young (180224K), 1 survivors (2048K)
 Metaspace       used 964K, committed 1152K, reserved 1056768K
  class space    used 75K, committed 192K, reserved 1048576K
}
Event: 2.586 GC heap after
{Heap after GC invocations=16 (full 0):
 garbage-first heap   total 303104K, used 1546K [0x000000070a200000, 0x0000000800000000)
  region size 2048K, 1 young (2048K), 1 survivors (2048K)
 Metaspace       used 964K, committed 1152K, reserved 1056768K
  class space    used 75K, committed 192K, reserved 1048576K
}
Event: 2.763 GC heap before
{Heap before GC invocations=16 (full 0):
 garbage-first heap   total 303104K, used 179722K [0x000000070a200000, 0x0000000800000000)
  region size 2048K, 88 young (180224K), 1 survivors (2048K)
 Metaspace       used 964K, committed 1152K, reserved 1056768K
  class space    used 75K, committed 192K, reserved 1048576K
}

